========================================
timestamp: 2026-03-11 17:27:42
engine_archive: /sdcard/mythology-engine/output_archive/episode_bundle_20260311_153318
forge_archive: /sdcard/mythology-forge/output_archive/media_bundle_20260311_153318
herald_output: live
cwd: /storage/emulated/0/Android/data/com.sec.android.app.myfiles/files/trash/4&6'6%6'4567''.,GZ-S.5$V&T2/1773261414612/storage/emulated/0/mythology-engine
========================================
========================================
timestamp: 2026-03-11 17:40:40
engine_archive: /sdcard/mythology-engine/output_archive/episode_bundle_20260311_174039
forge_archive: /sdcard/mythology-forge/output_archive/media_bundle_20260311_174039
herald_output: live
cwd: /sdcard/mythology-herald
========================================
========================================
timestamp: 2026-03-11 20:53:28
engine_archive: /sdcard/mythology-engine/output_archive/episode_bundle_20260311_205327
forge_archive: /sdcard/mythology-forge/output_archive/media_bundle_20260311_205328
herald_output: live
cwd: /sdcard/mythology-herald
========================================
========================================
timestamp: 2026-03-11 21:15:03
engine_archive: /sdcard/mythology-engine/output_archive/episode_bundle_20260311_211502
forge_archive: /sdcard/mythology-forge/output_archive/media_bundle_20260311_211502
herald_output: live
cwd: /sdcard/mythology-herald
========================================
========================================
timestamp: 2026-03-12 03:18:13
engine_archive: /sdcard/mythology-engine/output_archive/episode_bundle_20260312_031812
forge_archive: /sdcard/mythology-forge/output_archive/media_bundle_20260312_031812
herald_output: live
cwd: /sdcard/mythology-herald
========================================
========================================
timestamp: 2026-03-12 09:45:12
engine_archive: /sdcard/mythology-engine/output_archive/episode_bundle_20260312_094511
forge_archive: /sdcard/mythology-forge/output_archive/media_bundle_20260312_094512
herald_output: live
cwd: /sdcard/mythology-herald
========================================
========================================
timestamp: 2026-03-12 10:20:02
engine_archive: /sdcard/mythology-engine/output_archive/episode_bundle_20260312_101956
forge_archive: /sdcard/mythology-forge/output_archive/media_bundle_20260312_102001
herald_output: live
cwd: /sdcard/mythology-herald
========================================
========================================
timestamp: 2026-03-12 11:01:50
engine_archive: /sdcard/mythology-engine/output_archive/episode_bundle_20260312_110146
forge_archive: /sdcard/mythology-forge/output_archive/media_bundle_20260312_110150
herald_output: live
cwd: /sdcard/mythology-herald
========================================
========================================
timestamp: 2026-03-12 11:11:14
engine_archive: /sdcard/mythology-engine/output_archive/episode_bundle_20260312_111109
forge_archive: /sdcard/mythology-forge/output_archive/media_bundle_20260312_111113
herald_output: live
cwd: /sdcard/mythology-herald
========================================
========================================
timestamp: 2026-03-12 11:18:57
engine_archive: /sdcard/mythology-engine/output_archive/episode_bundle_20260312_111853
forge_archive: /sdcard/mythology-forge/output_archive/media_bundle_20260312_111857
herald_output: live
cwd: /sdcard/mythology-herald
========================================
========================================
timestamp: 2026-03-12 11:26:25
engine_archive: /sdcard/mythology-engine/output_archive/episode_bundle_20260312_112620
forge_archive: /sdcard/mythology-forge/output_archive/media_bundle_20260312_112624
herald_output: live
cwd: /sdcard/mythology-herald
========================================
========================================
timestamp: 2026-03-12 11:36:35
engine_archive: /sdcard/mythology-engine/output_archive/episode_bundle_20260312_113630
forge_archive: /sdcard/mythology-forge/output_archive/media_bundle_20260312_113634
herald_output: live
cwd: /sdcard/mythology-herald
========================================
========================================
timestamp: 2026-03-12 12:08:29
engine_archive: /sdcard/mythology-engine/output_archive/episode_bundle_20260312_120824
forge_archive: /sdcard/mythology-forge/output_archive/media_bundle_20260312_120828
herald_output: live
cwd: /sdcard/mythology-herald
========================================
========================================
timestamp: 2026-03-12 15:35:58
engine_archive: /sdcard/mythology-engine/output_archive/episode_bundle_20260312_153553
forge_archive: /sdcard/mythology-forge/output_archive/media_bundle_20260312_153557
herald_output: live
cwd: /sdcard/mythology-herald
========================================
